<?xml version="1.0" encoding="UTF-8"?>
<testng-results ignored="0" total="1" passed="1" failed="0" skipped="0">
  <reporter-output>
  </reporter-output>
  <suite started-at="2023-01-24T21:42:36 IST" name="Default suite" finished-at="2023-01-24T21:43:31 IST" duration-ms="54902">
    <groups>
    </groups>
    <test started-at="2023-01-24T21:42:36 IST" name="Default test" finished-at="2023-01-24T21:43:31 IST" duration-ms="54902">
      <class name="com.seleniumexceptionhandling.NoSuchElementException">
        <test-method signature="search()[pri:0, instance:com.seleniumexceptionhandling.NoSuchElementException@f6efaab]" started-at="2023-01-24T21:42:36 IST" name="search" finished-at="2023-01-24T21:43:31 IST" duration-ms="54803" status="PASS">
          <reporter-output>
          </reporter-output>
        </test-method> <!-- search -->
      </class> <!-- com.seleniumexceptionhandling.NoSuchElementException -->
    </test> <!-- Default test -->
  </suite> <!-- Default suite -->
</testng-results>
