<?xml version="1.0" encoding="UTF-8"?>
<testng-results ignored="0" total="1" passed="1" failed="0" skipped="0">
  <reporter-output>
  </reporter-output>
  <suite started-at="2023-01-23T22:13:17 IST" name="Default suite" finished-at="2023-01-23T22:14:52 IST" duration-ms="95064">
    <groups>
    </groups>
    <test started-at="2023-01-23T22:13:17 IST" name="Default test" finished-at="2023-01-23T22:14:52 IST" duration-ms="95064">
      <class name="com.seleniumexceptionhandling.StaleElementReferenceException">
        <test-method signature="search()[pri:0, instance:com.seleniumexceptionhandling.StaleElementReferenceException@f6efaab]" started-at="2023-01-23T22:13:17 IST" name="search" finished-at="2023-01-23T22:14:52 IST" duration-ms="94942" status="PASS">
          <reporter-output>
          </reporter-output>
        </test-method> <!-- search -->
      </class> <!-- com.seleniumexceptionhandling.StaleElementReferenceException -->
    </test> <!-- Default test -->
  </suite> <!-- Default suite -->
</testng-results>
