<?xml version="1.0" encoding="UTF-8"?>
<testng-results ignored="0" total="2" passed="2" failed="0" skipped="0">
  <reporter-output>
  </reporter-output>
  <suite started-at="2023-01-24T23:49:15 IST" name="Suite" finished-at="2023-01-24T23:51:34 IST" duration-ms="138814">
    <groups>
    </groups>
    <test started-at="2023-01-24T23:49:15 IST" name="Test" finished-at="2023-01-24T23:51:34 IST" duration-ms="138814">
      <class name="com.myest.LoginTest">
        <test-method is-config="true" signature="setUpTest()[pri:0, instance:com.myest.LoginTest@6b2ea799]" started-at="2023-01-24T23:49:16 IST" name="setUpTest" finished-at="2023-01-24T23:51:03 IST" duration-ms="106834" status="PASS">
          <reporter-output>
          </reporter-output>
        </test-method> <!-- setUpTest -->
        <test-method signature="GetLoginIntoAccount()[pri:1, instance:com.myest.LoginTest@6b2ea799]" started-at="2023-01-24T23:51:04 IST" name="GetLoginIntoAccount" finished-at="2023-01-24T23:51:33 IST" duration-ms="29855" status="PASS">
          <reporter-output>
          </reporter-output>
        </test-method> <!-- GetLoginIntoAccount -->
        <test-method signature="validateLoginPageTitle()[pri:2, instance:com.myest.LoginTest@6b2ea799]" started-at="2023-01-24T23:51:34 IST" name="validateLoginPageTitle" finished-at="2023-01-24T23:51:34 IST" duration-ms="683" status="PASS">
          <reporter-output>
          </reporter-output>
        </test-method> <!-- validateLoginPageTitle -->
      </class> <!-- com.myest.LoginTest -->
    </test> <!-- Test -->
  </suite> <!-- Suite -->
</testng-results>
